<?xml version="1.0" encoding="UTF-8"?>
<testng-results ignored="0" total="1" passed="1" failed="0" skipped="0">
  <reporter-output>
  </reporter-output>
  <suite started-at="2024-01-12T17:30:39 EST" name="Default suite" finished-at="2024-01-12T17:31:40 EST" duration-ms="61185">
    <groups>
      <group name="cucumber">
        <method signature="AbstractTestNGCucumberTests.runScenario(io.cucumber.testng.PickleWrapper,io.cucumber.testng.FeatureWrapper)[pri:0, instance:prjtest.runners.Testrunner$Infynirunner@4c178a76]" name="runScenario" class="io.cucumber.testng.AbstractTestNGCucumberTests"/>
      </group> <!-- cucumber -->
    </groups>
    <test started-at="2024-01-12T17:30:39 EST" name="Default test" finished-at="2024-01-12T17:31:40 EST" duration-ms="61185">
      <class name="prjtest.runners.Testrunner$Infynirunner">
        <test-method is-config="true" signature="setUpClass(org.testng.ITestContext)[pri:0, instance:prjtest.runners.Testrunner$Infynirunner@4c178a76]" started-at="2024-01-12T17:30:39 EST" name="setUpClass" finished-at="2024-01-12T17:30:40 EST" duration-ms="528" status="PASS">
          <params>
            <param index="0">
              <value>
                <![CDATA[org.testng.TestRunner@b30a50d]]>
              </value>
            </param>
          </params>
          <reporter-output>
          </reporter-output>
        </test-method> <!-- setUpClass -->
        <test-method signature="runScenario(io.cucumber.testng.PickleWrapper,io.cucumber.testng.FeatureWrapper)[pri:0, instance:prjtest.runners.Testrunner$Infynirunner@4c178a76]" started-at="2024-01-12T17:30:40 EST" name="runScenario" description="Runs Cucumber Scenarios" data-provider="scenarios" finished-at="2024-01-12T17:31:40 EST" duration-ms="60545" status="PASS">
          <params>
            <param index="0">
              <value>
                <![CDATA["User verify the links on Infyni Web page"]]>
              </value>
            </param>
            <param index="1">
              <value>
                <![CDATA["User  clicks on the Footer links and verify the text of links on Infyni webpage"]]>
              </value>
            </param>
          </params>
          <reporter-output>
          </reporter-output>
        </test-method> <!-- runScenario -->
        <test-method is-config="true" signature="tearDownClass()[pri:0, instance:prjtest.runners.Testrunner$Infynirunner@4c178a76]" started-at="2024-01-12T17:31:40 EST" name="tearDownClass" finished-at="2024-01-12T17:31:40 EST" duration-ms="52" status="PASS">
          <reporter-output>
          </reporter-output>
        </test-method> <!-- tearDownClass -->
      </class> <!-- prjtest.runners.Testrunner$Infynirunner -->
    </test> <!-- Default test -->
  </suite> <!-- Default suite -->
</testng-results>
